'geckodriver' 不是内部或外部命令，也不是可运行的程序
或批处理文件。
1600080931273	geckodriver	INFO	Listening on 127.0.0.1:55660
1600081115659	geckodriver	INFO	Listening on 127.0.0.1:55908
1600081328460	mozrunner::runner	INFO	Running command: "C:\\Program Files\\Mozilla Firefox\\firefox.exe" "-marionette" "-foreground" "-no-remote" "-profile" "C:\\Users\\34612\\AppData\\Local\\Temp\\rust_mozprofile.nmb2NUqKIsfv"
1600081352002	mozrunner::runner	INFO	Running command: "C:\\Program Files\\Mozilla Firefox\\firefox.exe" "-marionette" "-foreground" "-no-remote" "-profile" "C:\\Users\\34612\\AppData\\Local\\Temp\\rust_mozprofile.SNrf1Zcwg0q5"
JavaScript error: resource://gre/modules/XULStore.jsm, line 66: Error: Can't find profile directory.
console.error: SearchCache: "_readCacheFile: Error reading cache file:" (new Error("", "(unknown module)"))
1600081354511	Marionette	INFO	Listening on port 56239
1600081354625	Marionette	WARN	TLS certificate errors will be ignored for this session
1600081420986	mozrunner::runner	INFO	Running command: "C:\\Prog
###!!! [Child][RunMessage] Error: Channel closing: too late to send/recv, messages will be lost


###!!! [Child][MessageChannel::SendAndWait] Error: Channel erJavaScript error: resource://gre/modules/XULStore.jsm, line 66: Error: Can't find profile directory.
console.error: SearchCache: "_readCacheFile: Error reading cache file:" (new Error("", "(unknown module)"))
1600081423303	Marionette	INFO	Listening on port 60816
1600081423603	Marionette	WARN	TLS certificate errors will be ignored for this session
console.error: Region.jsm: "Error fetching region" (new AbortError("The operation was aborted. ", (void 0), 689))
console.error: Region.jsm: "Failed to fetch region" (new Error("NO_RESULT", "resource://gre/modules/Region.jsm", 343))
JavaScript error: http://www.beian.gov.cn/js/custom/lubotu.js?v=2018.11.26, line 223: ReferenceError: jQuery is not defined
1600081606292	Marionette	INFO	Stopped listening on port 60816

###!!! [Child][RunMessage] Error: Channel closing: too late to send/recv, messages will be lost


###!!! [Child][MessageChannel::SendAndWait] Error: Channel error: cannot send/recv

1600218889769	mozrunner::runner	INFO	Running command: "C:\\Program Files\\Mozilla Firefox\\firefox.exe" "-marionette" "-foreground" "-no-remote" "-profile" "C:\\Users\\34612\\AppData\\Local\\Temp\\rust_mozprofile.JxbavBrAy8an"
JavaScript error: resource://gre/modules/XULStore.jsm, line 66: Error: Can't find profile directory.
console.error: SearchCache: "_readCacheFile: Error reading cache file:" (new Error("", "(unknown module)"))
1600218892200	Marionette	INFO	Listening on port 55818
1600218892391	Marionette	WARN	TLS certificate errors will be ignored for this session
1600218893603	Marionette	INFO	Stopped listening on port 55818

###!!! [Child][RunMessage] Error: Channel closing: too late to send/recv, messages will be lost


###!!! [Child][MessageChannel::SendAndWait] Error: Channel error: cannot send/recv

1600218911305	mozrunner::runner	INFO	Running command: "C:\\Program Files\\Mozilla Firefox\\firefox.exe" "-marionette" "-foreground" "-no-remote" "-profile" "C:\\Users\\34612\\AppData\\Local\\Temp\\rust_mozprofile.r2BBJGsIp7dC"
JavaScript error: resource://gre/modules/XULStore.jsm, line 66: Error: Can't find profile directory.
console.error: SearchCache: "_readCacheFile: Error reading cache file:" (new Error("", "(unknown module)"))
1600218913424	Marionette	INFO	Listening on port 55900
console.error: Region.jsm: "Error fetching region" (new TypeError("NetworkError when attempting to fetch resource.", ""))
console.error: Region.jsm: "Failed to fetch region" (new Error("NO_RESULT", "resource://gre/modules/Region.jsm", 343))
1600218914033	Marionette	INFO	Stopped listening on port 55900
1600218919415	mozrunner::runner	INFO	Running command: "C:\\Program Files\\Mozilla Firefox\\firefox.exe" "-marionette" "-foreground" "-no-remote" "-profile" "C:\\Users\\34612\\AppData\\Local\\Temp\\rust_mozprofile.CBpfTKRk3raq"
JavaScript error: resource://gre/modules/XULStore.jsm, line 66: Error: Can't find profile directory.
console.error: SearchCache: "_readCacheFile: Error reading cache file:" (new Error("", "(unknown module)"))
1600218921404	Marionette	INFO	Listening on port 55930
1600218921430	Marionette	WARN	TLS certificate errors will be ignored for this session
console.error: Region.jsm: "Error fetching region" (new AbortError("The operation was aborted. ", (void 0), 689))
console.error: Region.jsm: "Failed to fetch region" (new Error("NO_RESULT", "resource://gre/modules/Region.jsm", 343))
console.error: services.settings: 
  main/messaging-experiments Signature failed  TypeError: NetworkError when attempting to fetch resource.
JavaScript error: , line 0: AbortError: A request was aborted, for example through a call to IDBTransaction.abort.
1600218927513	Marionette	INFO	Stopped listening on port 55930

###!!! [Child][RunMessage] Error: Channel closing: too late to send/recv, messages will be lost


###!!! [Child][MessageChannel::SendAndWait] Error: Channel error: cannot send/recv

1600218947799	mozrunner::runner	INFO	Running command: "C:\\Program Files\\Mozilla Firefox\\firefox.exe" "-marionette" "-foreground" "-no-remote" "-profile" "C:\\Users\\34612\\AppData\\Local\\Temp\\rust_mozprofile.G1x0dMVMbzIw"
JavaScript error: resource://gre/modules/XULStore.jsm, line 66: Error: Can't find profile directory.
console.error: SearchCache: "_readCacheFile: Error reading cache file:" (new Error("", "(unknown module)"))
1600218949764	Marionette	INFO	Listening on port 56035
1600218949817	Marionette	WARN	TLS certificate errors will be ignored for this session
1600218951952	Marionette	INFO	Stopped listening on port 56035

###!!! [Child][RunMessage] Error: Channel closing: too late to send/recv, messages will be lost


###!!! [Child][MessageChannel::SendAndWait] Error: Channel error: cannot send/recv

1600219260706	mozrunner::runner	INFO	Running command: "C:\\Program Files\\Mozilla Firefox\\firefox.exe" "-marionette" "-foreground" "-no-remote" "-profile" "C:\\Users\\34612\\AppData\\Local\\Temp\\rust_mozprofile.NIN5j8FaNqM6"
JavaScript error: resource://gre/modules/XULStore.jsm, line 66: Error: Can't find profile directory.
console.error: SearchCache: "_readCacheFile: Error reading cache file:" (new Error("", "(unknown module)"))
1600219262797	Marionette	INFO	Listening on port 56134
1600219262827	Marionette	WARN	TLS certificate errors will be ignored for this session
console.error: Region.jsm: "Error fetching region" (new AbortError("The operation was aborted. ", (void 0), 689))
console.error: Region.jsm: "Failed to fetch region" (new Error("NO_RESULT", "resource://gre/modules/Region.jsm", 343))
1600219306107	Marionette	INFO	Stopped listening on port 56134

###!!! [Child][RunMessage] Error: Channel closing: too late to send/recv, messages will be lost


###!!! [Child][MessageChannel::SendAndWait] Error: Channel error: cannot send/recv

1600219799209	mozrunner::runner	INFO	Running command: "C:\\Program Files\\Mozilla Firefox\\firefox.exe" "-marionette" "-foreground" "-no-remote" "-profile" "C:\\Users\\34612\\AppData\\Local\\Temp\\rust_mozprofile.hWiV5tlRCJ8v"
JavaScript error: resource://gre/modules/XULStore.jsm, line 66: Error: Can't find profile directory.
console.error: SearchCache: "_readCacheFile: Error reading cache file:" (new Error("", "(unknown module)"))
1600219801172	Marionette	INFO	Listening on port 56331
1600219801228	Marionette	WARN	TLS certificate errors will be ignored for this session
console.error: Region.jsm: "Error fetching region" (new AbortError("The operation was aborted. ", (void 0), 689))
console.error: Region.jsm: "Failed to fetch region" (new Error("NO_RESULT", "resource://gre/modules/Region.jsm", 343))
1600219818373	Marionette	INFO	Stopped listening on port 56331

###!!! [Child][RunMessage] Error: Channel closing: too late to send/recv, messages will be lost


###!!! [Child][MessageChannel::SendAndWait] Error: Channel error: cannot send/recv

1600221269962	mozrunner::runner	INFO	Running command: "C:\\Program Files\\Mozilla Firefox\\firefox.exe" "-marionette" "-foreground" "-no-remote" "-profile" "C:\\Users\\34612\\AppData\\Local\\Temp\\rust_mozprofile.B8TtwpIYAdp1"
JavaScript error: resource://gre/modules/XULStore.jsm, line 66: Error: Can't find profile directory.
console.error: SearchCache: "_readCacheFile: Error reading cache file:" (new Error("", "(unknown module)"))
1600221271947	Marionette	INFO	Listening on port 56991
1600221271977	Marionette	WARN	TLS certificate errors will be ignored for this session
console.error: Region.jsm: "Error fetching region" (new AbortError("The operation was aborted. ", (void 0), 689))
console.error: Region.jsm: "Failed to fetch region" (new Error("NO_RESULT", "resource://gre/modules/Region.jsm", 343))
1600221277614	Marionette	INFO	Stopped listening on port 56991

###!!! [Child][RunMessage] Error: Channel closing: too late to send/recv, messages will be lost


###!!! [Child][MessageChannel::SendAndWait] Error: Channel error: cannot send/recv

1600221312985	mozrunner::runner	INFO	Running command: "C:\\Program Files\\Mozilla Firefox\\firefox.exe" "-marionette" "-foreground" "-no-remote" "-profile" "C:\\Users\\34612\\AppData\\Local\\Temp\\rust_mozprofile.KRj7mcp8a1We"
JavaScript error: resource://gre/modules/XULStore.jsm, line 66: Error: Can't find profile directory.
console.error: SearchCache: "_readCacheFile: Error reading cache file:" (new Error("", "(unknown module)"))
1600221314922	Marionette	INFO	Listening on port 57016
1600221315002	Marionette	WARN	TLS certificate errors will be ignored for this session
console.error: Region.jsm: "Error fetching region" (new AbortError("The operation was aborted. ", (void 0), 689))
console.error: Region.jsm: "Failed to fetch region" (new Error("NO_RESULT", "resource://gre/modules/Region.jsm", 343))
1600221320338	Marionette	INFO	Stopped listening on port 57016

###!!! [Child][RunMessage] Error: Channel closing: too late to send/recv, messages will be lost


###!!! [Child][MessageChannel::SendAndWait] Error: Channel error: cannot send/recv

1600221341092	mozrunner::runner	INFO	Running command: "C:\\Program Files\\Mozilla Firefox\\firefox.exe" "-marionette" "-foreground" "-no-remote" "-profile" "C:\\Users\\34612\\AppData\\Local\\Temp\\rust_mozprofile.48cye4QfmFiw"
JavaScript error: resource://gre/modules/XULStore.jsm, line 66: Error: Can't find profile directory.
console.error: SearchCache: "_readCacheFile: Error reading cache file:" (new Error("", "(unknown module)"))
1600221343715	Marionette	INFO	Listening on port 57037
1600221344218	Marionette	WARN	TLS certificate errors will be ignored for this session
JavaScript error: https://cdn.jsdelivr.net/npm/bootstrap@3.3.7/dist/js/bootstrap.min.js, line 6: Error: Bootstrap's JavaScript requires jQuery
1600221363664	Marionette	INFO	Stopped listening on port 57037

###!!! [Child][RunMessage] Error: Channel closing: too late to send/recv, messages will be lost


###!!! [Child][MessageChannel::SendAndWait] Error: Channel error: cannot send/recv

1600221626134	mozrunner::runner	INFO	Running command: "C:\\Program Files\\Mozilla Firefox\\firefox.exe" "-marionette" "-foreground" "-no-remote" "-profile" "C:\\Users\\34612\\AppData\\Local\\Temp\\rust_mozprofile.SiyvIULvvc7E"
JavaScript error: resource://gre/modules/XULStore.jsm, line 66: Error: Can't find profile directory.
console.error: SearchCache: "_readCacheFile: Error reading cache file:" (new Error("", "(unknown module)"))
1600221628191	Marionette	INFO	Listening on port 57339
1600221628255	Marionette	WARN	TLS certificate errors will be ignored for this session
console.error: Region.jsm: "Error fetching region" (new AbortError("The operation was aborted. ", (void 0), 689))
console.error: Region.jsm: "Failed to fetch region" (new Error("NO_RESULT", "resource://gre/modules/Region.jsm", 343))
JavaScript error: https://cdn.jsdelivr.net/npm/bootstrap@3.3.7/dist/js/bootstrap.min.js, line 6: Error: Bootstrap's JavaScript requires jQuery
1600221644084	Marionette	INFO	Stopped listening on port 57339

###!!! [Child][RunMessage] Error: Channel closing: too late to send/recv, messages will be lost


###!!! [Child][MessageChannel::SendAndWait] Error: Channel error: cannot send/recv

1600221671165	mozrunner::runner	INFO	Running command: "C:\\Program Files\\Mozilla Firefox\\firefox.exe" "-marionette" "-foreground" "-no-remote" "-profile" "C:\\Users\\34612\\AppData\\Local\\Temp\\rust_mozprofile.YBN5uj752c7z"
JavaScript error: resource://gre/modules/XULStore.jsm, line 66: Error: Can't find profile directory.
console.error: SearchCache: "_readCacheFile: Error reading cache file:" (new Error("", "(unknown module)"))
1600221673138	Marionette	INFO	Listening on port 57390
1600221673180	Marionette	WARN	TLS certificate errors will be ignored for this session
console.error: Region.jsm: "Error fetching region" (new AbortError("The operation was aborted. ", (void 0), 689))
console.error: Region.jsm: "Failed to fetch region" (new Error("NO_RESULT", "resource://gre/modules/Region.jsm", 343))
JavaScript error: https://cdn.jsdelivr.net/npm/bootstrap@3.3.7/dist/js/bootstrap.min.js, line 6: Error: Bootstrap's JavaScript requires jQuery
1600221689503	Marionette	INFO	Stopped listening on port 57390

###!!! [Child][RunMessage] Error: Channel closing: too late to send/recv, messages will be lost


###!!! [Child][MessageChannel::SendAndWait] Error: Channel error: cannot send/recv

1600222159389	mozrunner::runner	INFO	Running command: "C:\\Program Files\\Mozilla Firefox\\firefox.exe" "-marionette" "-foreground" "-no-remote" "-profile" "C:\\Users\\34612\\AppData\\Local\\Temp\\rust_mozprofile.TiXesl9i0faX"
JavaScript error: resource://gre/modules/XULStore.jsm, line 66: Error: Can't find profile directory.
console.error: SearchCache: "_readCacheFile: Error reading cache file:" (new Error("", "(unknown module)"))
1600222161431	Marionette	INFO	Listening on port 57519
1600222161507	Marionette	WARN	TLS certificate errors will be ignored for this session
console.error: Region.jsm: "Error fetching region" (new AbortError("The operation was aborted. ", (void 0), 689))
console.error: Region.jsm: "Failed to fetch region" (new Error("NO_RESULT", "resource://gre/modules/Region.jsm", 343))
JavaScript error: https://cdn.jsdelivr.net/npm/bootstrap@3.3.7/dist/js/bootstrap.min.js, line 6: Error: Bootstrap's JavaScript requires jQuery
1600222178727	Marionette	INFO	Stopped listening on port 57519

###!!! [Child][RunMessage] Error: Channel closing: too late to send/recv, messages will be lost


###!!! [Child][MessageChannel::SendAndWait] Error: Channel error: cannot send/recv

1600222186859	mozrunner::runner	INFO	Running command: "C:\\Program Files\\Mozilla Firefox\\firefox.exe" "-marionette" "-foreground" "-no-remote" "-profile" "C:\\Users\\34612\\AppData\\Local\\Temp\\rust_mozprofile.UlyjdXXf51XX"
JavaScript error: resource://gre/modules/XULStore.jsm, line 66: Error: Can't find profile directory.
console.error: SearchCache: "_readCacheFile: Error reading cache file:" (new Error("", "(unknown module)"))
1600222188771	Marionette	INFO	Listening on port 57562
1600222188876	Marionette	WARN	TLS certificate errors will be ignored for this session
1600222197910	Marionette	INFO	Stopped listening on port 57562

###!!! [Child][RunMessage] Error: Channel closing: too late to send/recv, messages will be lost


###!!! [Child][MessageChannel::SendAndWait] Error: Channel error: cannot send/recv

1600222390042	mozrunner::runner	INFO	Running command: "C:\\Program Files\\Mozilla Firefox\\firefox.exe" "-marionette" "-foreground" "-no-remote" "-profile" "C:\\Users\\34612\\AppData\\Local\\Temp\\rust_mozprofile.U1LYT3i0N6Je"
JavaScript error: resource://gre/modules/XULStore.jsm, line 66: Error: Can't find profile directory.
console.error: SearchCache: "_readCacheFile: Error reading cache file:" (new Error("", "(unknown module)"))
1600222391993	Marionette	INFO	Listening on port 58931
1600222392057	Marionette	WARN	TLS certificate errors will be ignored for this session
JavaScript error: https://cdn.jsdelivr.net/npm/bootstrap@3.3.7/dist/js/bootstrap.min.js, line 6: Error: Bootstrap's JavaScript requires jQuery
1600222400470	Marionette	INFO	Stopped listening on port 58931

###!!! [Child][RunMessage] Error: Channel closing: too late to send/recv, messages will be lost


###!!! [Child][MessageChannel::SendAndWait] Error: Channel error: cannot send/recv

1600222513461	mozrunner::runner	INFO	Running command: "C:\\Program Files\\Mozilla Firefox\\firefox.exe" "-marionette" "-foreground" "-no-remote" "-profile" "C:\\Users\\34612\\AppData\\Local\\Temp\\rust_mozprofile.Iu1xa4E3TguW"
JavaScript error: resource://gre/modules/XULStore.jsm, line 66: Error: Can't find profile directory.
console.error: SearchCache: "_readCacheFile: Error reading cache file:" (new Error("", "(unknown module)"))
1600222515402	Marionette	INFO	Listening on port 58993
1600222515475	Marionette	WARN	TLS certificate errors will be ignored for this session
console.error: Region.jsm: "Error fetching region" (new AbortError("The operation was aborted. ", (void 0), 689))
console.error: Region.jsm: "Failed to fetch region" (new Error("NO_RESULT", "resource://gre/modules/Region.jsm", 343))
JavaScript error: https://cdn.jsdelivr.net/npm/bootstrap@3.3.7/dist/js/bootstrap.min.js, line 6: Error: Bootstrap's JavaScript requires jQuery
1600222534901	Marionette	INFO	Stopped listening on port 58993

###!!! [Child][RunMessage] Error: Channel closing: too late to send/recv, messages will be lost


###!!! [Child][MessageChannel::SendAndWait] Error: Channel error: cannot send/recv

1600224485414	mozrunner::runner	INFO	Running command: "C:\\Program Files\\Mozilla Firefox\\firefox.exe" "-marionette" "-foreground" "-no-remote" "-profile" "C:\\Users\\34612\\AppData\\Local\\Temp\\rust_mozprofile.xKAYreq1af3f"
JavaScript error: resource://gre/modules/XULStore.jsm, line 66: Error: Can't find profile directory.
console.error: SearchCache: "_readCacheFile: Error reading cache file:" (new Error("", "(unknown module)"))
1600224487337	Marionette	INFO	Listening on port 64314
1600224487432	Marionette	WARN	TLS certificate errors will be ignored for this session
console.error: Region.jsm: "Error fetching region" (new AbortError("The operation was aborted. ", (void 0), 689))
console.error: Region.jsm: "Failed to fetch region" (new Error("NO_RESULT", "resource://gre/modules/Region.jsm", 343))
JavaScript warning: https://wappass.baidu.com/static/touch/js/lib/fingerprint.js, line 1: WebGL warning: linkProgram: Must have a compiled vertex shader attached.
JavaScript warning: https://wappass.baidu.com/static/touch/js/lib/fingerprint.js, line 1: WebGL warning: useProgram: Program must be linked successfully.
JavaScript warning: https://wappass.baidu.com/static/touch/js/lib/fingerprint.js, line 1: WebGL warning: vertexAttribI?Pointer: `index` (4294967295) must be < MAX_VERTEX_ATTRIBS.
JavaScript warning: https://wappass.baidu.com/static/touch/js/lib/fingerprint.js, line 1: WebGL warning: uniform setter: No active linked Program.
JavaScript warning: https://wappass.baidu.com/static/touch/js/lib/fingerprint.js, line 1: WebGL warning: drawArraysInstanced: The current program is not linked.
JavaScript warning: https://wappass.baidu.com/static/touch/js/lib/fingerprint.js, line 1: WebGL warning: linkProgram: Must have a compiled vertex shader attached.
JavaScript warning: https://wappass.baidu.com/static/touch/js/lib/fingerprint.js, line 1: WebGL warning: useProgram: Program must be linked successfully.
JavaScript warning: https://wappass.baidu.com/static/touch/js/lib/fingerprint.js, line 1: WebGL warning: vertexAttribI?Pointer: `index` (4294967295) must be < MAX_VERTEX_ATTRIBS.
JavaScript warning: https://wappass.baidu.com/static/touch/js/lib/fingerprint.js, line 1: WebGL warning: uniform setter: No active linked Program.
JavaScript warning: https://wappass.baidu.com/static/touch/js/lib/fingerprint.js, line 1: WebGL warning: drawArraysInstanced: The current program is not linked.
1600224527761	Marionette	INFO	Stopped listening on port 64314

###!!! [Child][RunMessage] Error: Channel closing: too late to send/recv, messages will be lost


###!!! [Child][MessageChannel::SendAndWait] Error: Channel error: cannot send/recv

1600224584101	mozrunner::runner	INFO	Running command: "C:\\Program Files\\Mozilla Firefox\\firefox.exe" "-marionette" "-foreground" "-no-remote" "-profile" "C:\\Users\\34612\\AppData\\Local\\Temp\\rust_mozprofile.6tUAsyPSl7DW"
JavaScript error: resource://gre/modules/XULStore.jsm, line 66: Error: Can't find profile directory.
console.error: SearchCache: "_readCacheFile: Error reading cache file:" (new Error("", "(unknown module)"))
1600224586007	Marionette	INFO	Listening on port 64403
1600224586122	Marionette	WARN	TLS certificate errors will be ignored for this session
console.error: Region.jsm: "Error fetching region" (new AbortError("The operation was aborted. ", (void 0), 689))
console.error: Region.jsm: "Failed to fetch region" (new Error("NO_RESULT", "resource://gre/modules/Region.jsm", 343))
JavaScript warning: https://wappass.baidu.com/static/touch/js/lib/fingerprint.js, line 1: WebGL warning: linkProgram: Must have a compiled vertex shader attached.
JavaScript warning: https://wappass.baidu.com/static/touch/js/lib/fingerprint.js, line 1: WebGL warning: useProgram: Program must be linked successfully.
JavaScript warning: https://wappass.baidu.com/static/touch/js/lib/fingerprint.js, line 1: WebGL warning: vertexAttribI?Pointer: `index` (4294967295) must be < MAX_VERTEX_ATTRIBS.
JavaScript warning: https://wappass.baidu.com/static/touch/js/lib/fingerprint.js, line 1: WebGL warning: uniform setter: No active linked Program.
JavaScript warning: https://wappass.baidu.com/static/touch/js/lib/fingerprint.js, line 1: WebGL warning: drawArraysInstanced: The current program is not linked.
JavaScript warning: https://wappass.baidu.com/static/touch/js/lib/fingerprint.js, line 1: WebGL warning: linkProgram: Must have a compiled vertex shader attached.
JavaScript warning: https://wappass.baidu.com/static/touch/js/lib/fingerprint.js, line 1: WebGL warning: useProgram: Program must be linked successfully.
JavaScript warning: https://wappass.baidu.com/static/touch/js/lib/fingerprint.js, line 1: WebGL warning: vertexAttribI?Pointer: `index` (4294967295) must be < MAX_VERTEX_ATTRIBS.
JavaScript warning: https://wappass.baidu.com/static/touch/js/lib/fingerprint.js, line 1: WebGL warning: uniform setter: No active linked Program.
JavaScript warning: https://wappass.baidu.com/static/touch/js/lib/fingerprint.js, line 1: WebGL warning: drawArraysInstanced: The current program is not linked.
1600224602843	Marionette	INFO	Stopped listening on port 64403

###!!! [Child][RunMessage] Error: Channel closing: too late to send/recv, messages will be lost


###!!! [Child][MessageChannel::SendAndWait] Error: Channel error: cannot send/recv

1600224852518	mozrunner::runner	INFO	Running command: "C:\\Program Files\\Mozilla Firefox\\firefox.exe" "-marionette" "-foreground" "-no-remote" "-profile" "C:\\Users\\34612\\AppData\\Local\\Temp\\rust_mozprofile.BYe0yyNJhHhN"
JavaScript error: resource://gre/modules/XULStore.jsm, line 66: Error: Can't find profile directory.
console.error: SearchCache: "_readCacheFile: Error reading cache file:" (new Error("", "(unknown module)"))
1600224854594	Marionette	INFO	Listening on port 64790
1600224854639	Marionette	WARN	TLS certificate errors will be ignored for this session
console.error: Region.jsm: "Error fetching region" (new AbortError("The operation was aborted. ", (void 0), 689))
console.error: Region.jsm: "Failed to fetch region" (new Error("NO_RESULT", "resource://gre/modules/Region.jsm", 343))
JavaScript warning: https://wappass.baidu.com/static/touch/js/lib/fingerprint.js, line 1: WebGL warning: linkProgram: Must have a compiled vertex shader attached.
JavaScript warning: https://wappass.baidu.com/static/touch/js/lib/fingerprint.js, line 1: WebGL warning: useProgram: Program must be linked successfully.
JavaScript warning: https://wappass.baidu.com/static/touch/js/lib/fingerprint.js, line 1: WebGL warning: vertexAttribI?Pointer: `index` (4294967295) must be < MAX_VERTEX_ATTRIBS.
JavaScript warning: https://wappass.baidu.com/static/touch/js/lib/fingerprint.js, line 1: WebGL warning: uniform setter: No active linked Program.
JavaScript warning: https://wappass.baidu.com/static/touch/js/lib/fingerprint.js, line 1: WebGL warning: drawArraysInstanced: The current program is not linked.
JavaScript warning: https://wappass.baidu.com/static/touch/js/lib/fingerprint.js, line 1: WebGL warning: linkProgram: Must have a compiled vertex shader attached.
JavaScript warning: https://wappass.baidu.com/static/touch/js/lib/fingerprint.js, line 1: WebGL warning: useProgram: Program must be linked successfully.
JavaScript warning: https://wappass.baidu.com/static/touch/js/lib/fingerprint.js, line 1: WebGL warning: vertexAttribI?Pointer: `index` (4294967295) must be < MAX_VERTEX_ATTRIBS.
JavaScript warning: https://wappass.baidu.com/static/touch/js/lib/fingerprint.js, line 1: WebGL warning: uniform setter: No active linked Program.
JavaScript warning: https://wappass.baidu.com/static/touch/js/lib/fingerprint.js, line 1: WebGL warning: drawArraysInstanced: The current program is not linked.
1600224970635	Marionette	INFO	Stopped listening on port 64790

###!!! [Child][RunMessage] Error: Channel closing: too late to send/recv, messages will be lost


###!!! [Child][MessageChannel::SendAndWait] Error: Channel erJavaScript error: resource://gre/modules/XULStore.jsm, line 66: Error: Can't find profile directory.
console.error: SearchCache: "_readCacheFile: Error reading cache file:" (new Error("", "(unknown module)"))
1600224972060	Marionette	INFO	Listening on port 64960
1600224972546	Marionette	WARN	TLS certificate errors will be ignored for this session
console.error: Region.jsm: "Error fetching region" (new AbortError("The operation was aborted. ", (void 0), 689))
console.error: Region.jsm: "Failed to fetch region" (new Error("NO_RESULT", "resource://gre/modules/Region.jsm", 343))
JavaScript warning: https://wappass.baidu.com/static/touch/js/lib/fingerprint.js, line 1: WebGL warning: linkProgram: Must have a compiled vertex shader attached.
JavaScript warning: https://wappass.baidu.com/static/touch/js/lib/fingerprint.js, line 1: WebGL warning: useProgram: Program must be linked successfully.
JavaScript warning: https://wappass.baidu.com/static/touch/js/lib/fingerprint.js, line 1: WebGL warning: vertexAttribI?Pointer: `index` (4294967295) must be < MAX_VERTEX_ATTRIBS.
JavaScript warning: https://wappass.baidu.com/static/touch/js/lib/fingerprint.js, line 1: WebGL warning: uniform setter: No active linked Program.
JavaScript warning: https://wappass.baidu.com/static/touch/js/lib/fingerprint.js, line 1: WebGL warning: drawArraysInstanced: The current program is not linked.
JavaScript warning: https://wappass.baidu.com/static/touch/js/lib/fingerprint.js, line 1: WebGL warning: linkProgram: Must have a compiled vertex shader attached.
JavaScript warning: https://wappass.baidu.com/static/touch/js/lib/fingerprint.js, line 1: WebGL warning: useProgram: Program must be linked successfully.
JavaScript warning: https://wappass.baidu.com/static/touch/js/lib/fingerprint.js, line 1: WebGL warning: vertexAttribI?Pointer: `index` (4294967295) must be < MAX_VERTEX_ATTRIBS.
JavaScript warning: https://wappass.baidu.com/static/touch/js/lib/fingerprint.js, line 1: WebGL warning: uniform setter: No active linked Program.
JavaScript warning: https://wappass.baidu.com/static/touch/js/lib/fingerprint.js, line 1: WebGL warning: drawArraysInstanced: The current program is not linked.
1600225093501	mozrunner::runner	INFO	Running command: "C:\\Program Files\\Mozilla Firefox\\firefox.exe" "-marionette" "-foreground" "-no-remote" "-profile" "C:\\Users\\34612\\AppData\\Local\\Temp\\rust_mozprofile.cUi5navqi95i"
JavaScript error: resource://gre/modules/XULStore.jsm, line 66: Error: Can't find profile directory.
console.error: SearchCache: "_readCacheFile: Error reading cache file:" (new Error("", "(unknown module)"))
1600225095638	Marionette	INFO	Listening on port 65084
1600225096119	Marionette	WARN	TLS certificate errors will be ignored for this session
console.error: Region.jsm: "Error fetching region" (new AbortError("The operation was aborted. ", (void 0), 689))
console.error: Region.jsm: "Failed to fetch region" (new Error("NO_RESULT", "resource://gre/modules/Region.jsm", 343))
JavaScript warning: https://wappass.baidu.com/static/touch/js/lib/fingerprint.js, line 1: WebGL warning: linkProgram: Must have a compiled vertex shader attached.
JavaScript warning: https://wappass.baidu.com/static/touch/js/lib/fingerprint.js, line 1: WebGL warning: useProgram: Program must be linked successfully.
JavaScript warning: https://wappass.baidu.com/static/touch/js/lib/fingerprint.js, line 1: WebGL warning: vertexAttribI?Pointer: `index` (4294967295) must be < MAX_VERTEX_ATTRIBS.
JavaScript warning: https://wappass.baidu.com/static/touch/js/lib/fingerprint.js, line 1: WebGL warning: uniform setter: No active linked Program.
JavaScript warning: https://wappass.baidu.com/static/touch/js/lib/fingerprint.js, line 1: WebGL warning: drawArraysInstanced: The current program is not linked.
JavaScript warning: https://wappass.baidu.com/static/touch/js/lib/fingerprint.js, line 1: WebGL warning: linkProgram: Must have a compiled vertex shader attached.
JavaScript warning: https://wappass.baidu.com/static/touch/js/lib/fingerprint.js, line 1: WebGL warning: useProgram: Program must be linked successfully.
JavaScript warning: https://wappass.baidu.com/static/touch/js/lib/fingerprint.js, line 1: WebGL warning: vertexAttribI?Pointer: `index` (4294967295) must be < MAX_VERTEX_ATTRIBS.
JavaScript warning: https://wappass.baidu.com/static/touch/js/lib/fingerprint.js, line 1: WebGL warning: uniform setter: No active linked Program.
JavaScript warning: https://wappass.baidu.com/static/touch/js/lib/fingerprint.js, line 1: WebGL warning: drawArraysInstanced: The current program is not linked.
1600225120241	Marionette	INFO	Stopped listening on port 65084

###!!! [Child][RunMessage] Error: Channel closing: too late to send/recv, messages will be lost


###!!! [Child][MessageChannel::SendAndWait] Error: Channel error: cannot send/recv

1600225140413	mozrunner::runner	INFO	Running command: "C:\\Program Files\\Mozilla Firefox\\firefox.exe" "-marionette" "-foreground" "-no-remote" "-profile" "C:\\Users\\34612\\AppData\\Local\\Temp\\rust_mozprofile.fJu37fvtWAPt"
JavaScript error: resource://gre/modules/XULStore.jsm, line 66: Error: Can't find profile directory.
console.error: SearchCache: "_readCacheFile: Error reading cache file:" (new Error("", "(unknown module)"))
1600225142666	Marionette	INFO	Listening on port 65177
1600225143030	Marionette	WARN	TLS certificate errors will be ignored for this session
console.error: Region.jsm: "Error fetching region" (new AbortError("The operation was aborted. ", (void 0), 689))
console.error: Region.jsm: "Failed to fetch region" (new Error("NO_RESULT", "resource://gre/modules/Region.jsm", 343))
JavaScript warning: https://wappass.baidu.com/static/touch/js/lib/fingerprint.js, line 1: WebGL warning: linkProgram: Must have a compiled vertex shader attached.
JavaScript warning: https://wappass.baidu.com/static/touch/js/lib/fingerprint.js, line 1: WebGL warning: useProgram: Program must be linked successfully.
JavaScript warning: https://wappass.baidu.com/static/touch/js/lib/fingerprint.js, line 1: WebGL warning: vertexAttribI?Pointer: `index` (4294967295) must be < MAX_VERTEX_ATTRIBS.
JavaScript warning: https://wappass.baidu.com/static/touch/js/lib/fingerprint.js, line 1: WebGL warning: uniform setter: No active linked Program.
JavaScript warning: https://wappass.baidu.com/static/touch/js/lib/fingerprint.js, line 1: WebGL warning: drawArraysInstanced: The current program is not linked.
JavaScript warning: https://wappass.baidu.com/static/touch/js/lib/fingerprint.js, line 1: WebGL warning: linkProgram: Must have a compiled vertex shader attached.
JavaScript warning: https://wappass.baidu.com/static/touch/js/lib/fingerprint.js, line 1: WebGL warning: useProgram: Program must be linked successfully.
JavaScript warning: https://wappass.baidu.com/static/touch/js/lib/fingerprint.js, line 1: WebGL warning: vertexAttribI?Pointer: `index` (4294967295) must be < MAX_VERTEX_ATTRIBS.
JavaScript warning: https://wappass.baidu.com/static/touch/js/lib/fingerprint.js, line 1: WebGL warning: uniform setter: No active linked Program.
JavaScript warning: https://wappass.baidu.com/static/touch/js/lib/fingerprint.js, line 1: WebGL warning: drawArraysInstanced: The current program is not linked.
1600225281158	Marionette	INFO	Stopped listening on port 65177

###!!! [Child][RunMessage] Error: Channel closing: too late to send/recv, messages will be lost


###!!! [Child][MessageChannel::SendAndWait] Error: Channel error: cannot send/recv

1600225343086	mozrunner::runner	INFO	Running command: "C:\\Program Files\\Mozilla Firefox\\firefox.exe" "-marionette" "-foreground" "-no-remote" "-profile" "C:\\Users\\34612\\AppData\\Local\\Temp\\rust_mozprofile.XvjPEuJV7UvR"
JavaScript error: resource://gre/modules/XULStore.jsm, line 66: Error: Can't find profile directory.
console.error: SearchCache: "_readCacheFile: Error reading cache file:" (new Error("", "(unknown module)"))
1600225345101	Marionette	INFO	Listening on port 65432
1600225345110	Marionette	WARN	TLS certificate errors will be ignored for this session
console.error: Region.jsm: "Error fetching region" (new AbortError("The operation was aborted. ", (void 0), 689))
console.error: Region.jsm: "Failed to fetch region" (new Error("NO_RESULT", "resource://gre/modules/Region.jsm", 343))
1600225357638	Marionette	WARN	TimedPromise timed out after 500 ms: stacktrace:
TimedPromise/<@chrome://marionette/content/sync.js:245:13
TimedPromise@chrome://marionette/content/sync.js:230:10
interaction.flushEventLoop@chrome://marionette/content/interaction.js:416:10
webdriverClickElement@chrome://marionette/content/interaction.js:182:31
JavaScript warning: https://wappass.baidu.com/static/touch/js/lib/fingerprint.js, line 1: WebGL warning: linkProgram: Must have a compiled vertex shader attached.
JavaScript warning: https://wappass.baidu.com/static/touch/js/lib/fingerprint.js, line 1: WebGL warning: useProgram: Program must be linked successfully.
JavaScript warning: https://wappass.baidu.com/static/touch/js/lib/fingerprint.js, line 1: WebGL warning: vertexAttribI?Pointer: `index` (4294967295) must be < MAX_VERTEX_ATTRIBS.
JavaScript warning: https://wappass.baidu.com/static/touch/js/lib/fingerprint.js, line 1: WebGL warning: uniform setter: No active linked Program.
JavaScript warning: https://wappass.baidu.com/static/touch/js/lib/fingerprint.js, line 1: WebGL warning: drawArraysInstanced: The current program is not linked.
1600225358609	Marionette	WARN	TimedPromise timed out after 500 ms: stacktrace:
TimedPromise/<@chrome://marionette/content/sync.js:245:13
TimedPromise@chrome://marionette/content/sync.js:230:10
interaction.flushEventLoop@chrome://marionette/content/interaction.js:416:10
webdriverClickElement@chrome://marionette/content/interaction.js:182:31
JavaScript warning: https://wappass.baidu.com/static/touch/js/lib/fingerprint.js, line 1: WebGL warning: linkProgram: Must have a compiled vertex shader attached.
JavaScript warning: https://wappass.baidu.com/static/touch/js/lib/fingerprint.js, line 1: WebGL warning: useProgram: Program must be linked successfully.
JavaScript warning: https://wappass.baidu.com/static/touch/js/lib/fingerprint.js, line 1: WebGL warning: vertexAttribI?Pointer: `index` (4294967295) must be < MAX_VERTEX_ATTRIBS.
JavaScript warning: https://wappass.baidu.com/static/touch/js/lib/fingerprint.js, line 1: WebGL warning: uniform setter: No active linked Program.
JavaScript warning: https://wappass.baidu.com/static/touch/js/lib/fingerprint.js, line 1: WebGL warning: drawArraysInstanced: The current program is not linked.
JavaScript warning: https://wappass.baidu.com/static/touch/js/lib/fingerprint.js, line 1: WebGL warning: linkProgram: Must have a compiled vertex shader attached.
JavaScript warning: https://wappass.baidu.com/static/touch/js/lib/fingerprint.js, line 1: WebGL warning: useProgram: Program must be linked successfully.
JavaScript warning: https://wappass.baidu.com/static/touch/js/lib/fingerprint.js, line 1: WebGL warning: vertexAttribI?Pointer: `index` (4294967295) must be < MAX_VERTEX_ATTRIBS.
JavaScript warning: https://wappass.baidu.com/static/touch/js/lib/fingerprint.js, line 1: WebGL warning: uniform setter: No active linked Program.
JavaScript warning: https://wappass.baidu.com/static/touch/js/lib/fingerprint.js, line 1: WebGL warning: drawArraysInstanced: The current program is not linked.
JavaScript warning: https://wappass.baidu.com/static/touch/js/lib/fingerprint.js, line 1: WebGL warning: linkProgram: Must have a compiled vertex shader attached.
JavaScript warning: https://wappass.baidu.com/static/touch/js/lib/fingerprint.js, line 1: WebGL warning: useProgram: Program must be linked successfully.
JavaScript warning: https://wappass.baidu.com/static/touch/js/lib/fingerprint.js, line 1: WebGL warning: vertexAttribI?Pointer: `index` (4294967295) must be < MAX_VERTEX_ATTRIBS.
JavaScript warning: https://wappass.baidu.com/static/touch/js/lib/fingerprint.js, line 1: WebGL warning: uniform setter: No active linked Program.
JavaScript warning: https://wappass.baidu.com/static/touch/js/lib/fingerprint.js, line 1: WebGL warning: drawArraysInstanced: The current program is not linked.
1600225765362	Marionette	INFO	Stopped listening on port 65432

###!!! [Child][RunMessage] Error: Channel closing: too late to send/recv, messages will be lost


###!!! [Child][MessageChannel::SendAndWait] Error: Channel erJavaScript error: resource://gre/modules/XULStore.jsm, line 66: Error: Can't find profile directory.
console.error: SearchCache: "_readCacheFile: Error reading cache file:" (new Error("", "(unknown module)"))
1600225766435	Marionette	INFO	Listening on port 49186
1600225766885	Marionette	WARN	TLS certificate errors will be ignored for this session
console.error: Region.jsm: "Error fetching region" (new AbortError("The operation was aborted. ", (void 0), 689))
console.error: Region.jsm: "Failed to fetch region" (new Error("NO_RESULT", "resource://gre/modules/Region.jsm", 343))
1600225832349	mozrunner::runner	INFO	Running command: "C:\\Prog
###!!! [Child][RunMessage] Error: Channel closing: too late to send/recv, messages will be lost


###!!! [Child][MessageChannel::SendAndWait] Error: Channel error: cannot send/recv

e://gre/modules/XULStore.jsm, line 66: Error: Can't find profile directory.
console.error: SearchCache: "_readCacheFile: Error reading cache file:" (new Error("", "(unknown module)"))
1600225834292	Marionette	INFO	Listening on port 49240
1600225834365	Marionette	WARN	TLS certificate errors will be ignored for this session
console.error: Region.jsm: "Error fetching region" (new AbortError("The operation was aborted. ", (void 0), 689))
console.error: Region.jsm: "Failed to fetch region" (new Error("NO_RESULT", "resource://gre/modules/Region.jsm", 343))
1600225859076	Marionette	INFO	Stopped listening on port 49240

###!!! [Child][MessageChannel::SendAndWait] Error: Channel error: cannot send/recv

1600225906700	mozrunner::runner	INFO	Running command: "C:\\Program Files\\Mozilla Firefox\\firefox.exe" "-marionette" "-foreground" "-no-remote" "-profile" "C:\\Users\\34612\\AppData\\Local\\Temp\\rust_mozprofile.lLtyVcW2JYOO"
JavaScript error: resource://gre/modules/XULStore.jsm, line 66: Error: Can't find profile directory.
console.error: SearchCache: "_readCacheFile: Error reading cache file:" (new Error("", "(unknown module)"))
1600225908717	Marionette	INFO	Listening on port 49285
1600225908727	Marionette	WARN	TLS certificate errors will be ignored for this session
console.error: Region.jsm: "Error fetching region" (new AbortError("The operation was aborted. ", (void 0), 689))
console.error: Region.jsm: "Failed to fetch region" (new Error("NO_RESULT", "resource://gre/modules/Region.jsm", 343))
1600226133004	Marionette	INFO	Stopped listening on port 49285

###!!! [Child][RunMessage] Error: Channel closing: too late to send/recv, messages will be lost


###!!! [Child][MessageChannel::SendAndWait] Error: Channel error: cannot send/recv

e://gre/modules/XULStore.jsm, line 66: Error: Can't find profile directory.
console.error: SearchCache: "_readCacheFile: Error reading cache file:" (new Error("", "(unknown module)"))
1600226129072	Marionette	INFO	Listening on port 49464
1600226129120	Marionette	WARN	TLS certificate errors will be ignored for this session
1600226161633	Marionette	INFO	Stopped listening on port 49464

###!!! [Child][RunMessage] Error: Channel closing: too late to send/recv, messages will be lost


###!!! [Child][MessageChannel::SendAndWait] Error: Channel error: cannot send/recv

1600226240141	mozrunner::runner	INFO	Running command: "C:\\Program Files\\Mozilla Firefox\\firefox.exe" "-marionette" "-foreground" "-no-remote" "-profile" "C:\\Users\\34612\\AppData\\Local\\Temp\\rust_mozprofile.3zLIxnMiKe3K"
JavaScript error: resource://gre/modules/XULStore.jsm, line 66: Error: Can't find profile directory.
console.error: SearchCache: "_readCacheFile: Error reading cache file:" (new Error("", "(unknown module)"))
1600226242183	Marionette	INFO	Listening on port 49579
1600226242261	Marionette	WARN	TLS certificate errors will be ignored for this session
console.error: Region.jsm: "Error fetching region" (new AbortError("The operation was aborted. ", (void 0), 689))
console.error: Region.jsm: "Failed to fetch region" (new Error("NO_RESULT", "resource://gre/modules/Region.jsm", 343))
1600226477243	Marionette	INFO	Stopped listening on port 49579

###!!! [Child][RunMessage] Error: Channel closing: too late to send/recv, messages will be lost


###!!! [Child][MessageChannel::SendAndWait] Error: Channel error: cannot send/recv

e://gre/modules/XULStore.jsm, line 66: Error: Can't find profile directory.
console.error: SearchCache: "_readCacheFile: Error reading cache file:" (new Error("", "(unknown module)"))
1600226477972	Marionette	INFO	Listening on port 50609
1600226478356	Marionette	WARN	TLS certificate errors will be ignored for this session
1600226540824	Marionette	INFO	Stopped listening on port 50609

###!!! [Child][RunMessage] Error: Channel closing: too late to send/recv, messages will be lost


###!!! [Child][MessageChannel::SendAndWait] Error: Channel error: cannot send/recv

e://gre/modules/XULStore.jsm, line 66: Error: Can't find profile directory.
console.error: SearchCache: "_readCacheFile: Error reading cache file:" (new Error("", "(unknown module)"))
1600226542420	Marionette	INFO	Listening on port 50697
1600226542772	Marionette	WARN	TLS certificate errors will be ignored for this session
1600226553827	Marionette	INFO	Stopped listening on port 50697

###!!! [Child][MessageChannel::SendAndWait] Error: Channel error: cannot send/recv

1600226593604	mozrunner::runner	INFO	Running command: "C:\\Program Files\\Mozilla Firefox\\firefox.exe" "-marionette" "-foreground" "-no-remote" "-profile" "C:\\Users\\34612\\AppData\\Local\\Temp\\rust_mozprofile.bPrwsXAq8b2j"
JavaScript error: resource://gre/modules/XULStore.jsm, line 66: Error: Can't find profile directory.
console.error: SearchCache: "_readCacheFile: Error reading cache file:" (new Error("", "(unknown module)"))
1600226595524	Marionette	INFO	Listening on port 50807
1600226595622	Marionette	WARN	TLS certificate errors will be ignored for this session
console.error: Region.jsm: "Error fetching region" (new AbortError("The operation was aborted. ", (void 0), 689))
console.error: Region.jsm: "Failed to fetch region" (new Error("NO_RESULT", "resource://gre/modules/Region.jsm", 343))
1600226622490	Marionette	INFO	Stopped listening on port 50807

###!!! [Child][RunMessage] Error: Channel closing: too late to send/recv, messages will be lost


###!!! [Child][MessageChannel::SendAndWait] Error: Channel error: cannot send/recv

1600226701464	mozrunner::runner	INFO	Running command: "C:\\Program Files\\Mozilla Firefox\\firefox.exe" "-marionette" "-foreground" "-no-remote" "-profile" "C:\\Users\\34612\\AppData\\Local\\Temp\\rust_mozprofile.k07FpqgX9q6N"
JavaScript error: resource://gre/modules/XULStore.jsm, line 66: Error: Can't find profile directory.
console.error: SearchCache: "_readCacheFile: Error reading cache file:" (new Error("", "(unknown module)"))
1600226703434	Marionette	INFO	Listening on port 50941
1600226703486	Marionette	WARN	TLS certificate errors will be ignored for this session
console.error: Region.jsm: "Error fetching region" (new AbortError("The operation was aborted. ", (void 0), 689))
console.error: Region.jsm: "Failed to fetch region" (new Error("NO_RESULT", "resource://gre/modules/Region.jsm", 343))
1600226726563	Marionette	INFO	Stopped listening on port 50941

###!!! [Child][RunMessage] Error: Channel closing: too late to send/recv, messages will be lost


###!!! [Child][MessageChannel::SendAndWait] Error: Channel error: cannot send/recv

1600226911954	mozrunner::runner	INFO	Running command: "C:\\Program Files\\Mozilla Firefox\\firefox.exe" "-marionette" "-foreground" "-no-remote" "-profile" "C:\\Users\\34612\\AppData\\Local\\Temp\\rust_mozprofile.8hlCO7iZ0iK1"
JavaScript error: resource://gre/modules/XULStore.jsm, line 66: Error: Can't find profile directory.
console.error: SearchCache: "_readCacheFile: Error reading cache file:" (new Error("", "(unknown module)"))
1600226914120	Marionette	INFO	Listening on port 63263
1600226914605	Marionette	WARN	TLS certificate errors will be ignored for this session
1600226933885	Marionette	INFO	Stopped listening on port 63263

###!!! [Child][RunMessage] Error: Channel closing: too late to send/recv, messages will be lost


###!!! [Child][MessageChannel::SendAndWait] Error: Channel error: cannot send/recv

1600227028526	mozrunner::runner	INFO	Running command: "C:\\Program Files\\Mozilla Firefox\\firefox.exe" "-marionette" "-foreground" "-no-remote" "-profile" "C:\\Users\\34612\\AppData\\Local\\Temp\\rust_mozprofile.NsIwlwMJZiIw"
JavaScript error: resource://gre/modules/XULStore.jsm, line 66: Error: Can't find profile directory.
console.error: SearchCache: "_readCacheFile: Error reading cache file:" (new Error("", "(unknown module)"))
1600227030702	Marionette	INFO	Listening on port 63386
1600227031145	Marionette	WARN	TLS certificate errors will be ignored for this session
1600227062466	Marionette	INFO	Stopped listening on port 63386

###!!! [Child][RunMessage] Error: Channel closing: too late to send/recv, messages will be lost


###!!! [Child][MessageChannel::SendAndWait] Error: Channel error: cannot send/recv

1600227519642	mozrunner::runner	INFO	Running command: "C:\\Program Files\\Mozilla Firefox\\firefox.exe" "-marionette" "-foreground" "-no-remote" "-profile" "C:\\Users\\34612\\AppData\\Local\\Temp\\rust_mozprofile.Gz9RwECnA3nN"
JavaScript error: resource://gre/modules/XULStore.jsm, line 66: Error: Can't find profile directory.
console.error: SearchCache: "_readCacheFile: Error reading cache file:" (new Error("", "(unknown module)"))
1600227521645	Marionette	INFO	Listening on port 63831
1600227521660	Marionette	WARN	TLS certificate errors will be ignored for this session
console.error: Region.jsm: "Error fetching region" (new AbortError("The operation was aborted. ", (void 0), 689))
console.error: Region.jsm: "Failed to fetch region" (new Error("NO_RESULT", "resource://gre/modules/Region.jsm", 343))
1600227538582	Marionette	WARN	TimedPromise timed out after 0 ms: stacktrace:
TimedPromise/<@chrome://marionette/content/sync.js:245:13
TimedPromise@chrome://marionette/content/sync.js:230:10
Sleep@chrome://marionette/content/sync.js:283:10
dispatchPause@chrome://marionette/content/action.js:1482:10
toEvents/<@chrome://marionette/content/action.js:1156:16
action.dispatchTickActions@chrome://marionette/content/action.js:1060:35
action.dispatch/chainEvents<@chrome://marionette/content/action.js:1028:20
action.dispatch@chrome://marionette/content/action.js:1034:5
performActions@chrome://marionette/content/listener.js:856:16
dispatch/</req<@chrome://marionette/content/listener.js:529:14
dispatch/<@chrome://marionette/content/listener.js:522:15
1600227539602	Marionette	WARN	TimedPromise timed out after 500 ms: stacktrace:
TimedPromise/<@chrome://marionette/content/sync.js:245:13
TimedPromise@chrome://marionette/content/sync.js:230:10
interaction.flushEventLoop@chrome://marionette/content/interaction.js:416:10
webdriverClickElement@chrome://marionette/content/interaction.js:182:31
1600227541184	Marionette	INFO	Stopped listening on port 63831
IPDL protocol error: Handler returned error code!

###!!! [Parent][DispatchAsyncMessage] Error: PLayerTransaction::Msg_ReleaseLayer Processing error: message was deserialized, but the handler returned false (indicating failure)

IPDL protocol error: Handler returned error code!

###!!! [Parent][DispatchAsyncMessage] Error: PLayerTransaction::Msg_ReleaseLayer Processing error: message was deserialized, but the handler returned false (indicating failure)

IPDL protocol error: Handler returned error code!

###!!! [Parent][DispatchAsyncMessage] Error: PLayerTransaction::Msg_ReleaseLayer Processing error: message was deserialized, but the handler returned false (indicating failure)


###!!! [Child][RunMessage] Error: Channel closing: too late to send/recv, messages will be lost


###!!! [Child][MessageChannel::SendAndWait] Error: Channel error: cannot send/recv

1600227719061	mozrunner::runner	INFO	Running command: "C:\\Program Files\\Mozilla Firefox\\firefox.exe" "-marionette" "-foreground" "-no-remote" "-profile" "C:\\Users\\34612\\AppData\\Local\\Temp\\rust_mozprofile.Ds051YFUF1tw"
JavaScript error: resource://gre/modules/XULStore.jsm, line 66: Error: Can't find profile directory.
console.error: SearchCache: "_readCacheFile: Error reading cache file:" (new Error("", "(unknown module)"))
1600227720974	Marionette	INFO	Listening on port 64006
1600227721076	Marionette	WARN	TLS certificate errors will be ignored for this session
console.error: Region.jsm: "Error fetching region" (new AbortError("The operation was aborted. ", (void 0), 689))
console.error: Region.jsm: "Failed to fetch region" (new Error("NO_RESULT", "resource://gre/modules/Region.jsm", 343))
1600227748166	Marionette	WARN	TimedPromise timed out after 0 ms: stacktrace:
TimedPromise/<@chrome://marionette/content/sync.js:245:13
TimedPromise@chrome://marionette/content/sync.js:230:10
Sleep@chrome://marionette/content/sync.js:283:10
dispatchPause@chrome://marionette/content/action.js:1482:10
toEvents/<@chrome://marionette/content/action.js:1156:16
action.dispatchTickActions@chrome://marionette/content/action.js:1060:35
action.dispatch/chainEvents<@chrome://marionette/content/action.js:1028:20
action.dispatch@chrome://marionette/content/action.js:1034:5
performActions@chrome://marionette/content/listener.js:856:16
dispatch/</req<@chrome://marionette/content/listener.js:529:14
dispatch/<@chrome://marionette/content/listener.js:522:15
1600227749191	Marionette	WARN	TimedPromise timed out after 500 ms: stacktrace:
TimedPromise/<@chrome://marionette/content/sync.js:245:13
TimedPromise@chrome://marionette/content/sync.js:230:10
interaction.flushEventLoop@chrome://marionette/content/interaction.js:416:10
webdriverClickElement@chrome://marionette/content/interaction.js:182:31
1600227750759	Marionette	INFO	Stopped listening on port 64006
IPDL protocol error: Handler returned error code!

###!!! [Parent][DispatchAsyncMessage] Error: PLayerTransaction::Msg_ReleaseLayer Processing error: message was deserialized, but the handler returned false (indicating failure)

IPDL protocol error: Handler returned error code!

###!!! [Parent][DispatchAsyncMessage] Error: PLayerTransaction::Msg_ReleaseLayer Processing error: message was deserialized, but the handler returned false (indicating failure)

IPDL protocol error: Handler returned error code!

###!!! [Parent][DispatchAsyncMessage] Error: PLayerTransaction::Msg_ReleaseLayer Processing error: message was deserialized, but the handler returned false (indicating failure)


###!!! [Child][RunMessage] Error: Channel closing: too late to send/recv, messages will be lost


###!!! [Child][MessageChannel::SendAndWait] Error: Channel error: cannot send/recv

1600227770742	mozrunner::runner	INFO	Running command: "C:\\Program Files\\Mozilla Firefox\\firefox.exe" "-marionette" "-foreground" "-no-remote" "-profile" "C:\\Users\\34612\\AppData\\Local\\Temp\\rust_mozprofile.Z2O5JXOIvRGh"
JavaScript error: resource://gre/modules/XULStore.jsm, line 66: Error: Can't find profile directory.
console.error: SearchCache: "_readCacheFile: Error reading cache file:" (new Error("", "(unknown module)"))
1600227772668	Marionette	INFO	Listening on port 64063
1600227772757	Marionette	WARN	TLS certificate errors will be ignored for this session
console.error: Region.jsm: "Error fetching region" (new AbortError("The operation was aborted. ", (void 0), 689))
console.error: Region.jsm: "Failed to fetch region" (new Error("NO_RESULT", "resource://gre/modules/Region.jsm", 343))
1600227789638	Marionette	WARN	TimedPromise timed out after 0 ms: stacktrace:
TimedPromise/<@chrome://marionette/content/sync.js:245:13
TimedPromise@chrome://marionette/content/sync.js:230:10
Sleep@chrome://marionette/content/sync.js:283:10
dispatchPause@chrome://marionette/content/action.js:1482:10
toEvents/<@chrome://marionette/content/action.js:1156:16
action.dispatchTickActions@chrome://marionette/content/action.js:1060:35
action.dispatch/chainEvents<@chrome://marionette/content/action.js:1028:20
action.dispatch@chrome://marionette/content/action.js:1034:5
performActions@chrome://marionette/content/listener.js:856:16
dispatch/</req<@chrome://marionette/content/listener.js:529:14
dispatch/<@chrome://marionette/content/listener.js:522:15
1600227790666	Marionette	WARN	TimedPromise timed out after 500 ms: stacktrace:
TimedPromise/<@chrome://marionette/content/sync.js:245:13
TimedPromise@chrome://marionette/content/sync.js:230:10
interaction.flushEventLoop@chrome://marionette/content/interaction.js:416:10
webdriverClickElement@chrome://marionette/content/interaction.js:182:31
1600227792278	Marionette	INFO	Stopped listening on port 64063

###!!! [Child][RunMessage] Error: Channel closing: too late to send/recv, messages will be lost


###!!! [Child][MessageChannel::SendAndWait] Error: Channel error: cannot send/recv

1600230193014	mozrunner::runner	INFO	Running command: "C:\\Program Files\\Mozilla Firefox\\firefox.exe" "-marionette" "-foreground" "-no-remote" "-profile" "C:\\Users\\34612\\AppData\\Local\\Temp\\rust_mozprofile.0nmkWg60Arrq"
JavaScript error: resource://gre/modules/XULStore.jsm, line 66: Error: Can't find profile directory.
console.error: SearchCache: "_readCacheFile: Error reading cache file:" (new Error("", "(unknown module)"))
1600230195430	Marionette	INFO	Listening on port 64515
1600230195631	Marionette	WARN	TLS certificate errors will be ignored for this session
console.error: Region.jsm: "Error fetching region" (new AbortError("The operation was aborted. ", (void 0), 689))
console.error: Region.jsm: "Failed to fetch region" (new Error("NO_RESULT", "resource://gre/modules/Region.jsm", 343))
JavaScript error: http://www.huihui.cn/deals/channel.json?callback=discountCallback, line 1: SyntaxError: expected expression, got '<'
1600230208978	Marionette	INFO	Stopped listening on port 64515

###!!! [Child][MessageChannel::SendAndWait] Error: Channel error: cannot send/recv

1600230446198	mozrunner::runner	INFO	Running command: "C:\\Program Files\\Mozilla Firefox\\firefox.exe" "-marionette" "-foreground" "-no-remote" "-profile" "C:\\Users\\34612\\AppData\\Local\\Temp\\rust_mozprofile.DLfNhR3nMuO5"
JavaScript error: resource://gre/modules/XULStore.jsm, line 66: Error: Can't find profile directory.
console.error: SearchCache: "_readCacheFile: Error reading cache file:" (new Error("", "(unknown module)"))
1600230448198	Marionette	INFO	Listening on port 64824
1600230448216	Marionette	WARN	TLS certificate errors will be ignored for this session
JavaScript error: resource://gre/modules/URIFixup.jsm, line 271: NS_ERROR_FAILURE: Should pass a non-null uri
1600230460198	Marionette	INFO	Stopped listening on port 64824

###!!! [Child][MessageChannel::SendAndWait] Error: Channel error: cannot send/recv

1600230470251	mozrunner::runner	INFO	Running command: "C:\\Program Files\\Mozilla Firefox\\firefox.exe" "-marionette" "-foreground" "-no-remote" "-profile" "C:\\Users\\34612\\AppData\\Local\\Temp\\rust_mozprofile.sB6qgrWtaRpK"
JavaScript error: resource://gre/modules/XULStore.jsm, line 66: Error: Can't find profile directory.
console.error: SearchCache: "_readCacheFile: Error reading cache file:" (new Error("", "(unknown module)"))
1600230472159	Marionette	INFO	Listening on port 64876
1600230472263	Marionette	WARN	TLS certificate errors will be ignored for this session
JavaScript error: http://www.huihui.cn/deals/channel.json?callback=discountCallback, line 1: SyntaxError: expected expression, got '<'
1600230473702	Marionette	INFO	Stopped listening on port 64876
console.error: Region.jsm: "Error fetching region" (new TypeError("NetworkError when attempting to fetch resource.", ""))
console.error: Region.jsm: "Failed to fetch region" (new Error("NO_RESULT", "resource://gre/modules/Region.jsm", 343))
console.error: services.settings: 
  main/fxmonitor-breaches Signature failed  TypeError: NetworkError when attempting to fetch resource.

###!!! [Child][RunMessage] Error: Channel closing: too late to send/recv, messages will be lost


###!!! [Child][MessageChannel::SendAndWait] Error: Channel error: cannot send/recv

1600230686333	mozrunner::runner	INFO	Running command: "C:\\Program Files\\Mozilla Firefox\\firefox.exe" "-marionette" "-foreground" "-no-remote" "-profile" "C:\\Users\\34612\\AppData\\Local\\Temp\\rust_mozprofile.pHhV2b66kko9"
JavaScript error: resource://gre/modules/XULStore.jsm, line 66: Error: Can't find profile directory.
console.error: SearchCache: "_readCacheFile: Error reading cache file:" (new Error("", "(unknown module)"))
1600230688279	Marionette	INFO	Listening on port 52426
1600230688350	Marionette	WARN	TLS certificate errors will be ignored for this session
1600230692907	Marionette	INFO	Stopped listening on port 52426

###!!! [Child][RunMessage] Error: Channel closing: too late to send/recv, messages will be lost


###!!! [Child][MessageChannel::SendAndWait] Error: Channel error: cannot send/recv

1600230938105	mozrunner::runner	INFO	Running command: "C:\\Program Files\\Mozilla Firefox\\firefox.exe" "-marionette" "-foreground" "-no-remote" "-profile" "C:\\Users\\34612\\AppData\\Local\\Temp\\rust_mozprofile.Ws705Eh893Zm"
JavaScript error: resource://gre/modules/XULStore.jsm, line 66: Error: Can't find profile directory.
console.error: SearchCache: "_readCacheFile: Error reading cache file:" (new Error("", "(unknown module)"))
1600230939996	Marionette	INFO	Listening on port 52526
1600230940121	Marionette	WARN	TLS certificate errors will be ignored for this session
console.error: Region.jsm: "Error fetching region" (new AbortError("The operation was aborted. ", (void 0), 689))
console.error: Region.jsm: "Failed to fetch region" (new Error("NO_RESULT", "resource://gre/modules/Region.jsm", 343))
1600230945322	Marionette	INFO	Stopped listening on port 52526

###!!! [Child][RunMessage] Error: Channel closing: too late to send/recv, messages will be lost


###!!! [Child][MessageChannel::SendAndWait] Error: Channel error: cannot send/recv

1600230958046	mozrunner::runner	INFO	Running command: "C:\\Program Files\\Mozilla Firefox\\firefox.exe" "-marionette" "-foreground" "-no-remote" "-profile" "C:\\Users\\34612\\AppData\\Local\\Temp\\rust_mozprofile.2QhdKLWvGZy1"
JavaScript error: resource://gre/modules/XULStore.jsm, line 66: Error: Can't find profile directory.
console.error: SearchCache: "_readCacheFile: Error reading cache file:" (new Error("", "(unknown module)"))
1600230960033	Marionette	INFO	Listening on port 52551
1600230960061	Marionette	WARN	TLS certificate errors will be ignored for this session
1600230979726	Marionette	INFO	Stopped listening on port 52551

###!!! [Child][RunMessage] Error: Channel closing: too late to send/recv, messages will be lost


###!!! [Child][MessageChannel::SendAndWait] Error: Channel error: cannot send/recv

1600231355098	mozrunner::runner	INFO	Running command: "C:\\Program Files\\Mozilla Firefox\\firefox.exe" "-marionette" "-foreground" "-no-remote" "-profile" "C:\\Users\\34612\\AppData\\Local\\Temp\\rust_mozprofile.O1zpFwunXHtc"
JavaScript error: resource://gre/modules/XULStore.jsm, line 66: Error: Can't find profile directory.
console.error: SearchCache: "_readCacheFile: Error reading cache file:" (new Error("", "(unknown module)"))
1600231357041	Marionette	INFO	Listening on port 52749
1600231357114	Marionette	WARN	TLS certificate errors will be ignored for this session
console.error: Region.jsm: "Error fetching region" (new AbortError("The operation was aborted. ", (void 0), 689))
console.error: Region.jsm: "Failed to fetch region" (new Error("NO_RESULT", "resource://gre/modules/Region.jsm", 343))
1600231379918	Marionette	INFO	Stopped listening on port 52749
console.error: services.settings: 
  main/messaging-experiments Signature failed  TypeError: NetworkError when attempting to fetch resource.

###!!! [Child][RunMessage] Error: Channel closing: too late to send/recv, messages will be lost


###!!! [Child][MessageChannel::SendAndWait] Error: Channel error: cannot send/recv

1600231397866	mozrunner::runner	INFO	Running command: "C:\\Program Files\\Mozilla Firefox\\firefox.exe" "-marionette" "-foreground" "-no-remote" "-profile" "C:\\Users\\34612\\AppData\\Local\\Temp\\rust_mozprofile.4172398QH2vP"
JavaScript error: resource://gre/modules/XULStore.jsm, line 66: Error: Can't find profile directory.
console.error: SearchCache: "_readCacheFile: Error reading cache file:" (new Error("", "(unknown module)"))
1600231400002	Marionette	INFO	Listening on port 52877
1600231400486	Marionette	WARN	TLS certificate errors will be ignored for this session
console.error: Region.jsm: "Error fetching region" (new AbortError("The operation was aborted. ", (void 0), 689))
console.error: Region.jsm: "Failed to fetch region" (new Error("NO_RESULT", "resource://gre/modules/Region.jsm", 343))
1600231411288	Marionette	INFO	Stopped listening on port 52877
console.error: services.settings: 
  main/message-groups Signature failed  TypeError: NetworkError when attempting to fetch resource.
console.error: services.settings: 
  main/messaging-experiments Signature failed  TypeError: NetworkError when attempting to fetch resource.
console.error: services.settings: 
  main/fxmonitor-breaches Signature failed  TypeError: NetworkError when attempting to fetch resource.
console.error: services.settings: 
  main/partitioning-exempt-urls Signature failed  TypeError: NetworkError when attempting to fetch resource.

###!!! [Child][MessageChannel::SendAndWait] Error: Channel error: cannot send/recv

1600231427581	mozrunner::runner	INFO	Running command: "C:\\Program Files\\Mozilla Firefox\\firefox.exe" "-marionette" "-foreground" "-no-remote" "-profile" "C:\\Users\\34612\\AppData\\Local\\Temp\\rust_mozprofile.hyTEx63myS4B"
JavaScript error: resource://gre/modules/XULStore.jsm, line 66: Error: Can't find profile directory.
console.error: SearchCache: "_readCacheFile: Error reading cache file:" (new Error("", "(unknown module)"))
1600231429602	Marionette	INFO	Listening on port 53265
1600231429701	Marionette	WARN	TLS certificate errors will be ignored for this session
1600231442429	Marionette	INFO	Stopped listening on port 53265

###!!! [Child][RunMessage] Error: Channel closing: too late to send/recv, messages will be lost


###!!! [Child][MessageChannel::SendAndWait] Error: Channel error: cannot send/recv

1600231473358	mozrunner::runner	INFO	Running command: "C:\\Program Files\\Mozilla Firefox\\firefox.exe" "-marionette" "-foreground" "-no-remote" "-profile" "C:\\Users\\34612\\AppData\\Local\\Temp\\rust_mozprofile.MkGkQGeo2czD"
JavaScript error: resource://gre/modules/XULStore.jsm, line 66: Error: Can't find profile directory.
console.error: SearchCache: "_readCacheFile: Error reading cache file:" (new Error("", "(unknown module)"))
1600231475265	Marionette	INFO	Listening on port 53372
1600231475379	Marionette	WARN	TLS certificate errors will be ignored for this session
console.error: Region.jsm: "Error fetching region" (new AbortError("The operation was aborted. ", (void 0), 689))
console.error: Region.jsm: "Failed to fetch region" (new Error("NO_RESULT", "resource://gre/modules/Region.jsm", 343))
1600231489630	Marionette	INFO	Stopped listening on port 53372

###!!! [Child][MessageChannel::SendAndWait] Error: Channel error: cannot send/recv

1600231515909	mozrunner::runner	INFO	Running command: "C:\\Program Files\\Mozilla Firefox\\firefox.exe" "-marionette" "-foreground" "-no-remote" "-profile" "C:\\Users\\34612\\AppData\\Local\\Temp\\rust_mozprofile.jlRci025vaJp"
JavaScript error: resource://gre/modules/XULStore.jsm, line 66: Error: Can't find profile directory.
console.error: SearchCache: "_readCacheFile: Error reading cache file:" (new Error("", "(unknown module)"))
1600231517819	Marionette	INFO	Listening on port 53444
1600231517925	Marionette	WARN	TLS certificate errors will be ignored for this session
console.error: Region.jsm: "Error fetching region" (new AbortError("The operation was aborted. ", (void 0), 689))
console.error: Region.jsm: "Failed to fetch region" (new Error("NO_RESULT", "resource://gre/modules/Region.jsm", 343))
1600231536716	Marionette	INFO	Stopped listening on port 53444

###!!! [Child][RunMessage] Error: Channel closing: too late to send/recv, messages will be lost


###!!! [Child][MessageChannel::SendAndWait] Error: Channel error: cannot send/recv

1600231643497	mozrunner::runner	INFO	Running command: "C:\\Program Files\\Mozilla Firefox\\firefox.exe" "-marionette" "-foreground" "-no-remote" "-profile" "C:\\Users\\34612\\AppData\\Local\\Temp\\rust_mozprofile.XNa0dd8Srr8h"
JavaScript error: resource://gre/modules/XULStore.jsm, line 66: Error: Can't find profile directory.
console.error: SearchCache: "_readCacheFile: Error reading cache file:" (new Error("", "(unknown module)"))
1600231645737	Marionette	INFO	Listening on port 53631
1600231646118	Marionette	WARN	TLS certificate errors will be ignored for this session
console.error: Region.jsm: "Error fetching region" (new AbortError("The operation was aborted. ", (void 0), 689))
console.error: Region.jsm: "Failed to fetch region" (new Error("NO_RESULT", "resource://gre/modules/Region.jsm", 343))
1600231665458	Marionette	INFO	Stopped listening on port 53631

###!!! [Child][RunMessage] Error: Channel closing: too late to send/recv, messages will be lost


###!!! [Child][MessageChannel::SendAndWait] Error: Channel error: cannot send/recv

1600231734780	mozrunner::runner	INFO	Running command: "C:\\Program Files\\Mozilla Firefox\\firefox.exe" "-marionette" "-foreground" "-no-remote" "-profile" "C:\\Users\\34612\\AppData\\Local\\Temp\\rust_mozprofile.XpS4V9HuaNpv"
JavaScript error: resource://gre/modules/XULStore.jsm, line 66: Error: Can't find profile directory.
console.error: SearchCache: "_readCacheFile: Error reading cache file:" (new Error("", "(unknown module)"))
1600231737118	Marionette	INFO	Listening on port 53757
1600231737402	Marionette	WARN	TLS certificate errors will be ignored for this session
console.error: Region.jsm: "Error fetching region" (new AbortError("The operation was aborted. ", (void 0), 689))
console.error: Region.jsm: "Failed to fetch region" (new Error("NO_RESULT", "resource://gre/modules/Region.jsm", 343))
1600231756710	Marionette	INFO	Stopped listening on port 53757

###!!! [Child][RunMessage] Error: Channel closing: too late to send/recv, messages will be lost


###!!! [Child][MessageChannel::SendAndWait] Error: Channel error: cannot send/recv

1600231840420	mozrunner::runner	INFO	Running command: "C:\\Program Files\\Mozilla Firefox\\firefox.exe" "-marionette" "-foreground" "-no-remote" "-profile" "C:\\Users\\34612\\AppData\\Local\\Temp\\rust_mozprofile.E9QSfkExo2v8"
JavaScript error: resource://gre/modules/XULStore.jsm, line 66: Error: Can't find profile directory.
console.error: SearchCache: "_readCacheFile: Error reading cache file:" (new Error("", "(unknown module)"))
1600231842703	Marionette	INFO	Listening on port 53877
1600231843043	Marionette	WARN	TLS certificate errors will be ignored for this session
console.error: Region.jsm: "Error fetching region" (new AbortError("The operation was aborted. ", (void 0), 689))
console.error: Region.jsm: "Failed to fetch region" (new Error("NO_RESULT", "resource://gre/modules/Region.jsm", 343))
1600231860472	Marionette	INFO	Stopped listening on port 53877

###!!! [Child][RunMessage] Error: Channel closing: too late to send/recv, messages will be lost


###!!! [Child][MessageChannel::SendAndWait] Error: Channel error: cannot send/recv

1600231894499	mozrunner::runner	INFO	Running command: "C:\\Program Files\\Mozilla Firefox\\firefox.exe" "-marionette" "-foreground" "-no-remote" "-profile" "C:\\Users\\34612\\AppData\\Local\\Temp\\rust_mozprofile.tmrGRnP1qGqx"
JavaScript error: resource://gre/modules/XULStore.jsm, line 66: Error: Can't find profile directory.
console.error: SearchCache: "_readCacheFile: Error reading cache file:" (new Error("", "(unknown module)"))
1600231896973	Marionette	INFO	Listening on port 53966
1600231897121	Marionette	WARN	TLS certificate errors will be ignored for this session
console.error: Region.jsm: "Error fetching region" (new AbortError("The operation was aborted. ", (void 0), 689))
console.error: Region.jsm: "Failed to fetch region" (new Error("NO_RESULT", "resource://gre/modules/Region.jsm", 343))
1600231916220	Marionette	INFO	Stopped listening on port 53966

###!!! [Child][RunMessage] Error: Channel closing: too late to send/recv, messages will be lost


###!!! [Child][MessageChannel::SendAndWait] Error: Channel error: cannot send/recv

1600231978094	mozrunner::runner	INFO	Running command: "C:\\Program Files\\Mozilla Firefox\\firefox.exe" "-marionette" "-foreground" "-no-remote" "-profile" "C:\\Users\\34612\\AppData\\Local\\Temp\\rust_mozprofile.MnkQDwEDTg7L"
JavaScript error: resource://gre/modules/XULStore.jsm, line 66: Error: Can't find profile directory.
console.error: SearchCache: "_readCacheFile: Error reading cache file:" (new Error("", "(unknown module)"))
1600231980367	Marionette	INFO	Listening on port 54023
1600231980712	Marionette	WARN	TLS certificate errors will be ignored for this session
console.error: Region.jsm: "Error fetching region" (new AbortError("The operation was aborted. ", (void 0), 689))
console.error: Region.jsm: "Failed to fetch region" (new Error("NO_RESULT", "resource://gre/modules/Region.jsm", 343))
1600232000254	Marionette	INFO	Stopped listening on port 54023

###!!! [Child][RunMessage] Error: Channel closing: too late to send/recv, messages will be lost


###!!! [Child][MessageChannel::SendAndWait] Error: Channel error: cannot send/recv

1600232155526	mozrunner::runner	INFO	Running command: "C:\\Program Files\\Mozilla Firefox\\firefox.exe" "-marionette" "-foreground" "-no-remote" "-profile" "C:\\Users\\34612\\AppData\\Local\\Temp\\rust_mozprofile.iqx7IiETYf85"
JavaScript error: resource://gre/modules/XULStore.jsm, line 66: Error: Can't find profile directory.
console.error: SearchCache: "_readCacheFile: Error reading cache file:" (new Error("", "(unknown module)"))
1600232157844	Marionette	INFO	Listening on port 54188
1600232158146	Marionette	WARN	TLS certificate errors will be ignored for this session
console.error: Region.jsm: "Error fetching region" (new AbortError("The operation was aborted. ", (void 0), 689))
console.error: Region.jsm: "Failed to fetch region" (new Error("NO_RESULT", "resource://gre/modules/Region.jsm", 343))
1600232172357	Marionette	INFO	Stopped listening on port 54188

###!!! [Child][RunMessage] Error: Channel closing: too late to send/recv, messages will be lost


###!!! [Child][MessageChannel::SendAndWait] Error: Channel error: cannot send/recv

1600232219141	mozrunner::runner	INFO	Running command: "C:\\Program Files\\Mozilla Firefox\\firefox.exe" "-marionette" "-foreground" "-no-remote" "-profile" "C:\\Users\\34612\\AppData\\Local\\Temp\\rust_mozprofile.sHgJh03HncKj"
JavaScript error: resource://gre/modules/XULStore.jsm, line 66: Error: Can't find profile directory.
console.error: SearchCache: "_readCacheFile: Error reading cache file:" (new Error("", "(unknown module)"))
1600232221542	Marionette	INFO	Listening on port 54258
1600232221764	Marionette	WARN	TLS certificate errors will be ignored for this session
console.error: Region.jsm: "Error fetching region" (new AbortError("The operation was aborted. ", (void 0), 689))
console.error: Region.jsm: "Failed to fetch region" (new Error("NO_RESULT", "resource://gre/modules/Region.jsm", 343))
1600232246044	Marionette	INFO	Stopped listening on port 54258
console.error: services.settings: 
  main/whats-new-panel Signature failed  TypeError: NetworkError when attempting to fetch resource.

###!!! [Child][RunMessage] Error: Channel closing: too late to send/recv, messages will be lost


###!!! [Child][MessageChannel::SendAndWait] Error: Channel error: cannot send/recv

1600241693351	mozrunner::runner	INFO	Running command: "C:\\Program Files\\Mozilla Firefox\\firefox.exe" "-marionette" "-foreground" "-no-remote" "-profile" "C:\\Users\\34612\\AppData\\Local\\Temp\\rust_mozprofile.HQ5Qq8IfLo5X"
JavaScript error: resource://gre/modules/XULStore.jsm, line 66: Error: Can't find profile directory.
console.error: SearchCache: "_readCacheFile: Error reading cache file:" (new Error("", "(unknown module)"))
1600241695714	Marionette	INFO	Listening on port 63893
1600241695972	Marionette	WARN	TLS certificate errors will be ignored for this session
console.error: Region.jsm: "Error fetching region" (new AbortError("The operation was aborted. ", (void 0), 689))
console.error: Region.jsm: "Failed to fetch region" (new Error("NO_RESULT", "resource://gre/modules/Region.jsm", 343))
1600242007785	Marionette	INFO	Stopped listening on port 63893

###!!! [Child][RunMessage] Error: Channel closing: too late to send/recv, messages will be lost


###!!! [Child][MessageChannel::SendAndWait] Error: Channel error: cannot send/recv

1600242012839	mozrunner::runner	INFO	Running command: "C:\\Program Files\\Mozilla Firefox\\firefox.exe" "-marionette" "-foreground" "-no-remote" "-profile" "C:\\Users\\34612\\AppData\\Local\\Temp\\rust_mozprofile.R27dFKEJaxAO"
JavaScript error: resource://gre/modules/XULStore.jsm, line 66: Error: Can't find profile directory.
console.error: SearchCache: "_readCacheFile: Error reading cache file:" (new Error("", "(unknown module)"))
1600242014857	Marionette	INFO	Listening on port 63992
1600242014867	Marionette	WARN	TLS certificate errors will be ignored for this session
1600242021192	Marionette	INFO	Stopped listening on port 63992

###!!! [Child][RunMessage] Error: Channel closing: too late to send/recv, messages will be lost


###!!! [Child][MessageChannel::SendAndWait] Error: Channel error: cannot send/recv

1600242026858	mozrunner::runner	INFO	Running command: "C:\\Program Files\\Mozilla Firefox\\firefox.exe" "-marionette" "-foreground" "-no-remote" "-profile" "C:\\Users\\34612\\AppData\\Local\\Temp\\rust_mozprofile.cLWoVKlH6aYC"
JavaScript error: resource://gre/modules/XULStore.jsm, line 66: Error: Can't find profile directory.
console.error: SearchCache: "_readCacheFile: Error reading cache file:" (new Error("", "(unknown module)"))
1600242028737	Marionette	INFO	Listening on port 64087
1600242028874	Marionette	WARN	TLS certificate errors will be ignored for this session
1600242074729	Marionette	INFO	Stopped listening on port 64087

###!!! [Child][RunMessage] Error: Channel closing: too late to send/recv, messages will be lost


###!!! [Child][MessageChannel::SendAndWait] Error: Channel error: cannot send/recv

1600242080426	mozrunner::runner	INFO	Running command: "C:\\Program Files\\Mozilla Firefox\\firefox.exe" "-marionette" "-foreground" "-no-remote" "-profile" "C:\\Users\\34612\\AppData\\Local\\Temp\\rust_mozprofile.DLd0Xz5flmuZ"
JavaScript error: resource://gre/modules/XULStore.jsm, line 66: Error: Can't find profile directory.
console.error: SearchCache: "_readCacheFile: Error reading cache file:" (new Error("", "(unknown module)"))
1600242082346	Marionette	INFO	Listening on port 64163
1600242082442	Marionette	WARN	TLS certificate errors will be ignored for this session
1600242090974	Marionette	INFO	Stopped listening on port 64163
1600245501430	mozrunner::runner	INFO	Running command: "C:\\Program Files\\Mozilla Firefox\\firefox.exe" "-marionette" "-foreground" "-no-remote" "-profile" "C:\\Users\\34612\\AppData\\Local\\Temp\\rust_mozprofile.97BzFnJfpfi2"
JavaScript error: resource://gre/modules/XULStore.jsm, line 66: Error: Can't find profile directory.
console.error: SearchCache: "_readCacheFile: Error reading cache file:" (new Error("", "(unknown module)"))
1600245503397	Marionette	INFO	Listening on port 50148
1600245503445	Marionette	WARN	TLS certificate errors will be ignored for this session
1600245509647	Marionette	INFO	Stopped listening on port 50148

###!!! [Child][RunMessage] Error: Channel closing: too late to send/recv, messages will be lost


###!!! [Child][MessageChannel::SendAndWait] Error: Channel error: cannot send/recv

1600245515333	mozrunner::runner	INFO	Running command: "C:\\Program Files\\Mozilla Firefox\\firefox.exe" "-marionette" "-foreground" "-no-remote" "-profile" "C:\\Users\\34612\\AppData\\Local\\Temp\\rust_mozprofile.KllVRdEYnVAY"
JavaScript error: resource://gre/modules/XULStore.jsm, line 66: Error: Can't find profile directory.
console.error: SearchCache: "_readCacheFile: Error reading cache file:" (new Error("", "(unknown module)"))
1600245517228	Marionette	INFO	Listening on port 50245
1600245517351	Marionette	WARN	TLS certificate errors will be ignored for this session
1600245523473	Marionette	INFO	Stopped listening on port 50245

###!!! [Child][RunMessage] Error: Channel closing: too late to send/recv, messages will be lost


###!!! [Child][MessageChannel::SendAndWait] Error: Channel error: cannot send/recv

1600245529197	mozrunner::runner	INFO	Running command: "C:\\Program Files\\Mozilla Firefox\\firefox.exe" "-marionette" "-foreground" "-no-remote" "-profile" "C:\\Users\\34612\\AppData\\Local\\Temp\\rust_mozprofile.8nMD0eV8eXSd"
JavaScript error: resource://gre/modules/XULStore.jsm, line 66: Error: Can't find profile directory.
console.error: SearchCache: "_readCacheFile: Error reading cache file:" (new Error("", "(unknown module)"))
1600245531089	Marionette	INFO	Listening on port 50325
1600245531215	Marionette	WARN	TLS certificate errors will be ignored for this session
1600245537451	Marionette	INFO	Stopped listening on port 50325

###!!! [Child][RunMessage] Error: Channel closing: too late to send/recv, messages will be lost


###!!! [Child][MessageChannel::SendAndWait] Error: Channel error: cannot send/recv

1600247579983	mozrunner::runner	INFO	Running command: "C:\\Program Files\\Mozilla Firefox\\firefox.exe" "-marionette" "-foreground" "-no-remote" "-profile" "C:\\Users\\34612\\AppData\\Local\\Temp\\rust_mozprofile.KHOj31jIfy4V"
JavaScript error: resource://gre/modules/XULStore.jsm, line 66: Error: Can't find profile directory.
console.error: SearchCache: "_readCacheFile: Error reading cache file:" (new Error("", "(unknown module)"))
1600247581999	Marionette	INFO	Listening on port 57280
1600247582102	Marionette	WARN	TLS certificate errors will be ignored for this session
console.error: Region.jsm: "Error fetching region" (new TypeError("NetworkError when attempting to fetch resource.", ""))
console.error: Region.jsm: "Failed to fetch region" (new Error("NO_RESULT", "resource://gre/modules/Region.jsm", 343))
1600247582601	Marionette	INFO	Stopped listening on port 57280

###!!! [Child][RunMessage] Error: Channel closing: too late to send/recv, messages will be lost


###!!! [Child][MessageChannel::SendAndWait] Error: Channel error: cannot send/recv

